<?xml version="1.0" encoding="UTF-8"?>
<!-- Generated by org.testng.reporters.JUnitReportReporter -->
<testsuite hostname="DESKTOP-CIP96U1" failures="0" tests="2" name="com.form.FormValidationTest" time="13.958" errors="0" timestamp="2024-01-25T20:28:54 IST" skipped="0">
  <testcase classname="com.form.FormValidationTest" name="firstNameValidationTest" time="13.950"/>
  <system-out/>
  <testcase classname="com.form.FormValidationTest" name="LastNameValidation" time="0.008"/>
  <system-out/>
</testsuite> <!-- com.form.FormValidationTest -->
