<?xml version="1.0" encoding="UTF-8"?>
<!-- Generated by org.testng.reporters.JUnitReportReporter -->
<testsuite hostname="DESKTOP-CIP96U1" failures="0" tests="2" name="com.edureka.project.Program1" time="18.571" errors="0" timestamp="2024-01-25T09:12:05 IST" skipped="0">
  <testcase classname="com.edureka.project.Program1" name="verifyTitle" time="7.978"/>
  <system-out/>
  <testcase classname="com.edureka.project.Program1" name="verifyLogo" time="10.593"/>
  <system-out/>
</testsuite> <!-- com.edureka.project.Program1 -->
